20-Jan-2025 17:42:44.328 INFO [main] org.apache.catalina.core.ApplicationContext.log ContextListener: contextInitialized()
20-Jan-2025 17:42:44.328 INFO [main] org.apache.catalina.core.ApplicationContext.log SessionListener: contextInitialized()
20-Jan-2025 17:42:44.330 INFO [main] org.apache.catalina.core.ApplicationContext.log ContextListener: attributeAdded('StockTicker', 'async.Stockticker@5fa47fea')
20-Jan-2025 17:43:46.153 INFO [Thread-1] org.apache.catalina.core.ApplicationContext.log SessionListener: contextDestroyed()
20-Jan-2025 17:43:46.153 INFO [Thread-1] org.apache.catalina.core.ApplicationContext.log ContextListener: contextDestroyed()
20-Jan-2025 17:44:07.826 INFO [main] org.apache.catalina.core.ApplicationContext.log Выделенный сервлет [main] недоступен
20-Jan-2025 17:44:07.826 SEVERE [main] org.apache.catalina.core.StandardContext.loadOnStartup Servlet [main] in web application [] threw load() exception
	java.lang.ClassNotFoundException: ru.netology.servlet.MainServlet
		at org.apache.catalina.loader.WebappClassLoaderBase.loadClass(WebappClassLoaderBase.java:1349)
		at org.apache.catalina.loader.WebappClassLoaderBase.loadClass(WebappClassLoaderBase.java:1158)
		at org.apache.catalina.core.DefaultInstanceManager.loadClass(DefaultInstanceManager.java:488)
		at org.apache.catalina.core.DefaultInstanceManager.loadClassMaybePrivileged(DefaultInstanceManager.java:470)
		at org.apache.catalina.core.DefaultInstanceManager.newInstance(DefaultInstanceManager.java:142)
		at org.apache.catalina.core.StandardWrapper.loadServlet(StandardWrapper.java:898)
		at org.apache.catalina.core.StandardWrapper.load(StandardWrapper.java:838)
		at org.apache.catalina.core.StandardContext.loadOnStartup(StandardContext.java:4193)
		at org.apache.catalina.core.StandardContext.startInternal(StandardContext.java:4494)
		at org.apache.catalina.util.LifecycleBase.start(LifecycleBase.java:164)
		at org.apache.catalina.core.ContainerBase.addChildInternal(ContainerBase.java:599)
		at org.apache.catalina.core.ContainerBase.addChild(ContainerBase.java:571)
		at org.apache.catalina.core.StandardHost.addChild(StandardHost.java:603)
		at org.apache.catalina.startup.HostConfig.deployDescriptor(HostConfig.java:680)
		at org.apache.catalina.startup.HostConfig$DeployDescriptor.run(HostConfig.java:1844)
		at java.base/java.util.concurrent.Executors$RunnableAdapter.call(Executors.java:577)
		at java.base/java.util.concurrent.FutureTask.run(FutureTask.java:317)
		at org.apache.tomcat.util.threads.InlineExecutorService.execute(InlineExecutorService.java:75)
		at java.base/java.util.concurrent.AbstractExecutorService.submit(AbstractExecutorService.java:123)
		at org.apache.catalina.startup.HostConfig.deployDescriptors(HostConfig.java:575)
		at org.apache.catalina.startup.HostConfig.deployApps(HostConfig.java:466)
		at org.apache.catalina.startup.HostConfig.start(HostConfig.java:1584)
		at org.apache.catalina.startup.HostConfig.lifecycleEvent(HostConfig.java:312)
		at org.apache.catalina.util.LifecycleBase.fireLifecycleEvent(LifecycleBase.java:109)
		at org.apache.catalina.util.LifecycleBase.setStateInternal(LifecycleBase.java:389)
		at org.apache.catalina.util.LifecycleBase.setState(LifecycleBase.java:336)
		at org.apache.catalina.core.ContainerBase.startInternal(ContainerBase.java:776)
		at org.apache.catalina.core.StandardHost.startInternal(StandardHost.java:721)
		at org.apache.catalina.util.LifecycleBase.start(LifecycleBase.java:164)
		at org.apache.catalina.core.ContainerBase$StartChild.call(ContainerBase.java:1203)
		at org.apache.catalina.core.ContainerBase$StartChild.call(ContainerBase.java:1193)
		at java.base/java.util.concurrent.FutureTask.run(FutureTask.java:317)
		at org.apache.tomcat.util.threads.InlineExecutorService.execute(InlineExecutorService.java:75)
		at java.base/java.util.concurrent.AbstractExecutorService.submit(AbstractExecutorService.java:145)
		at org.apache.catalina.core.ContainerBase.startInternal(ContainerBase.java:749)
		at org.apache.catalina.core.StandardEngine.startInternal(StandardEngine.java:211)
		at org.apache.catalina.util.LifecycleBase.start(LifecycleBase.java:164)
		at org.apache.catalina.core.StandardService.startInternal(StandardService.java:415)
		at org.apache.catalina.util.LifecycleBase.start(LifecycleBase.java:164)
		at org.apache.catalina.core.StandardServer.startInternal(StandardServer.java:874)
		at org.apache.catalina.util.LifecycleBase.start(LifecycleBase.java:164)
		at org.apache.catalina.startup.Catalina.start(Catalina.java:739)
		at java.base/jdk.internal.reflect.DirectMethodHandleAccessor.invoke(DirectMethodHandleAccessor.java:104)
		at java.base/java.lang.reflect.Method.invoke(Method.java:578)
		at org.apache.catalina.startup.Bootstrap.start(Bootstrap.java:345)
		at org.apache.catalina.startup.Bootstrap.main(Bootstrap.java:473)
20-Jan-2025 17:44:08.100 INFO [main] org.apache.catalina.core.ApplicationContext.log ContextListener: contextInitialized()
20-Jan-2025 17:44:08.100 INFO [main] org.apache.catalina.core.ApplicationContext.log SessionListener: contextInitialized()
20-Jan-2025 17:44:08.101 INFO [main] org.apache.catalina.core.ApplicationContext.log ContextListener: attributeAdded('StockTicker', 'async.Stockticker@f415a95')
20-Jan-2025 17:44:28.395 INFO [Thread-1] org.apache.catalina.core.ApplicationContext.log SessionListener: contextDestroyed()
20-Jan-2025 17:44:28.395 INFO [Thread-1] org.apache.catalina.core.ApplicationContext.log ContextListener: contextDestroyed()
20-Jan-2025 17:44:31.052 INFO [main] org.apache.catalina.core.ApplicationContext.log ContextListener: contextInitialized()
20-Jan-2025 17:44:31.052 INFO [main] org.apache.catalina.core.ApplicationContext.log SessionListener: contextInitialized()
20-Jan-2025 17:44:31.053 INFO [main] org.apache.catalina.core.ApplicationContext.log ContextListener: attributeAdded('StockTicker', 'async.Stockticker@51671b08')
20-Jan-2025 17:51:55.084 INFO [Thread-1] org.apache.catalina.core.ApplicationContext.log SessionListener: contextDestroyed()
20-Jan-2025 17:51:55.084 INFO [Thread-1] org.apache.catalina.core.ApplicationContext.log ContextListener: contextDestroyed()
20-Jan-2025 17:51:59.681 INFO [main] org.apache.catalina.core.ApplicationContext.log ContextListener: contextInitialized()
20-Jan-2025 17:51:59.681 INFO [main] org.apache.catalina.core.ApplicationContext.log SessionListener: contextInitialized()
20-Jan-2025 17:51:59.683 INFO [main] org.apache.catalina.core.ApplicationContext.log ContextListener: attributeAdded('StockTicker', 'async.Stockticker@5b43e173')
20-Jan-2025 17:57:32.532 INFO [Thread-1] org.apache.catalina.core.ApplicationContext.log SessionListener: contextDestroyed()
20-Jan-2025 17:57:32.532 INFO [Thread-1] org.apache.catalina.core.ApplicationContext.log ContextListener: contextDestroyed()
20-Jan-2025 17:57:36.121 INFO [main] org.apache.catalina.core.ApplicationContext.log ContextListener: contextInitialized()
20-Jan-2025 17:57:36.121 INFO [main] org.apache.catalina.core.ApplicationContext.log SessionListener: contextInitialized()
20-Jan-2025 17:57:36.122 INFO [main] org.apache.catalina.core.ApplicationContext.log ContextListener: attributeAdded('StockTicker', 'async.Stockticker@51671b08')
20-Jan-2025 17:58:36.680 INFO [Thread-1] org.apache.catalina.core.ApplicationContext.log SessionListener: contextDestroyed()
20-Jan-2025 17:58:36.680 INFO [Thread-1] org.apache.catalina.core.ApplicationContext.log ContextListener: contextDestroyed()
20-Jan-2025 17:58:41.166 INFO [main] org.apache.catalina.core.ApplicationContext.log ContextListener: contextInitialized()
20-Jan-2025 17:58:41.166 INFO [main] org.apache.catalina.core.ApplicationContext.log SessionListener: contextInitialized()
20-Jan-2025 17:58:41.168 INFO [main] org.apache.catalina.core.ApplicationContext.log ContextListener: attributeAdded('StockTicker', 'async.Stockticker@15051a0')
20-Jan-2025 18:00:20.221 INFO [Thread-1] org.apache.catalina.core.ApplicationContext.log SessionListener: contextDestroyed()
20-Jan-2025 18:00:20.221 INFO [Thread-1] org.apache.catalina.core.ApplicationContext.log ContextListener: contextDestroyed()
20-Jan-2025 18:00:54.268 INFO [main] org.apache.catalina.core.ApplicationContext.log ContextListener: contextInitialized()
20-Jan-2025 18:00:54.268 INFO [main] org.apache.catalina.core.ApplicationContext.log SessionListener: contextInitialized()
20-Jan-2025 18:00:54.270 INFO [main] org.apache.catalina.core.ApplicationContext.log ContextListener: attributeAdded('StockTicker', 'async.Stockticker@15051a0')
20-Jan-2025 18:01:57.150 INFO [Thread-1] org.apache.catalina.core.ApplicationContext.log SessionListener: contextDestroyed()
20-Jan-2025 18:01:57.150 INFO [Thread-1] org.apache.catalina.core.ApplicationContext.log ContextListener: contextDestroyed()
20-Jan-2025 18:08:18.232 INFO [main] org.apache.catalina.core.ApplicationContext.log ContextListener: contextInitialized()
20-Jan-2025 18:08:18.233 INFO [main] org.apache.catalina.core.ApplicationContext.log SessionListener: contextInitialized()
20-Jan-2025 18:08:18.234 INFO [main] org.apache.catalina.core.ApplicationContext.log ContextListener: attributeAdded('StockTicker', 'async.Stockticker@1162410a')
20-Jan-2025 18:14:03.227 INFO [Thread-1] org.apache.catalina.core.ApplicationContext.log SessionListener: contextDestroyed()
20-Jan-2025 18:14:03.227 INFO [Thread-1] org.apache.catalina.core.ApplicationContext.log ContextListener: contextDestroyed()
20-Jan-2025 18:14:18.272 INFO [main] org.apache.catalina.core.ApplicationContext.log ContextListener: contextInitialized()
20-Jan-2025 18:14:18.272 INFO [main] org.apache.catalina.core.ApplicationContext.log SessionListener: contextInitialized()
20-Jan-2025 18:14:18.273 INFO [main] org.apache.catalina.core.ApplicationContext.log ContextListener: attributeAdded('StockTicker', 'async.Stockticker@15051a0')
20-Jan-2025 18:14:53.344 INFO [Thread-1] org.apache.catalina.core.ApplicationContext.log SessionListener: contextDestroyed()
20-Jan-2025 18:14:53.345 INFO [Thread-1] org.apache.catalina.core.ApplicationContext.log ContextListener: contextDestroyed()
20-Jan-2025 18:14:57.695 INFO [main] org.apache.catalina.core.ApplicationContext.log ContextListener: contextInitialized()
20-Jan-2025 18:14:57.695 INFO [main] org.apache.catalina.core.ApplicationContext.log SessionListener: contextInitialized()
20-Jan-2025 18:14:57.696 INFO [main] org.apache.catalina.core.ApplicationContext.log ContextListener: attributeAdded('StockTicker', 'async.Stockticker@b09fac1')
20-Jan-2025 18:21:06.943 INFO [Thread-1] org.apache.catalina.core.ApplicationContext.log SessionListener: contextDestroyed()
20-Jan-2025 18:21:06.943 INFO [Thread-1] org.apache.catalina.core.ApplicationContext.log ContextListener: contextDestroyed()
20-Jan-2025 18:21:12.185 INFO [main] org.apache.catalina.core.ApplicationContext.log ContextListener: contextInitialized()
20-Jan-2025 18:21:12.185 INFO [main] org.apache.catalina.core.ApplicationContext.log SessionListener: contextInitialized()
20-Jan-2025 18:21:12.186 INFO [main] org.apache.catalina.core.ApplicationContext.log ContextListener: attributeAdded('StockTicker', 'async.Stockticker@3359c978')
20-Jan-2025 18:22:08.179 INFO [Thread-1] org.apache.catalina.core.ApplicationContext.log SessionListener: contextDestroyed()
20-Jan-2025 18:22:08.179 INFO [Thread-1] org.apache.catalina.core.ApplicationContext.log ContextListener: contextDestroyed()
20-Jan-2025 18:24:39.125 INFO [main] org.apache.catalina.core.ApplicationContext.log ContextListener: contextInitialized()
20-Jan-2025 18:24:39.125 INFO [main] org.apache.catalina.core.ApplicationContext.log SessionListener: contextInitialized()
20-Jan-2025 18:24:39.126 INFO [main] org.apache.catalina.core.ApplicationContext.log ContextListener: attributeAdded('StockTicker', 'async.Stockticker@23aae55')
